This is pdfTeX, Version 3.141592653-2.6-1.40.23 (TeX Live 2021/W32TeX) (preloaded format=pdflatex 2022.2.14)  20 APR 2022 12:02
entering extended mode
 restricted \write18 enabled.
 file:line:error style messages enabled.
 %&-line parsing enabled.
**c:/Users/alexa/Bachelorprojekt/Arbeit_Vorlage/000arbeit.tex
(c:/Users/alexa/Bachelorprojekt/Arbeit_Vorlage/000arbeit.tex
LaTeX2e <2021-11-15> patch level 1
L3 programming layer <2022-02-05> (d:/devTools/texlive/2021/texmf-dist/tex/latex/koma-script/scrreprt.cls
Document Class: scrreprt 2021/11/13 v3.35 KOMA-Script document class (report)
(d:/devTools/texlive/2021/texmf-dist/tex/latex/koma-script/scrkbase.sty
Package: scrkbase 2021/11/13 v3.35 KOMA-Script package (KOMA-Script-dependent basics and keyval usage)
 (d:/devTools/texlive/2021/texmf-dist/tex/latex/koma-script/scrbase.sty
Package: scrbase 2021/11/13 v3.35 KOMA-Script package (KOMA-Script-independent basics and keyval usage)
 (d:/devTools/texlive/2021/texmf-dist/tex/latex/koma-script/scrlfile.sty
Package: scrlfile 2021/11/13 v3.35 KOMA-Script package (file load hooks)
 (d:/devTools/texlive/2021/texmf-dist/tex/latex/koma-script/scrlfile-hook.sty
Package: scrlfile-hook 2021/11/13 v3.35 KOMA-Script package (using LaTeX hooks)
 (d:/devTools/texlive/2021/texmf-dist/tex/latex/koma-script/scrlogo.sty
Package: scrlogo 2021/11/13 v3.35 KOMA-Script package (logo)
))) (d:/devTools/texlive/2021/texmf-dist/tex/latex/graphics/keyval.sty
Package: keyval 2014/10/28 v1.15 key=value parser (DPC)
\KV@toks@=\toks16
)
Applying: [2021/05/01] Usage of raw or classic option list on input line 252.
Already applied: [0000/00/00] Usage of raw or classic option list on input line 368.
)) (d:/devTools/texlive/2021/texmf-dist/tex/latex/koma-script/tocbasic.sty
Package: tocbasic 2021/11/13 v3.35 KOMA-Script package (handling toc-files)
\scr@dte@tocline@numberwidth=\skip47
\scr@dte@tocline@numbox=\box50
)
Package tocbasic Info: babel extension for `toc' omitted
(tocbasic)             because of missing \bbl@set@language on input line 137.
Package scrreprt Info: You've used standard option `12pt'.
(scrreprt)             This is correct!
(scrreprt)             Internally I'm using `fontsize=12pt'.
(scrreprt)             If you'd like to set the option with \KOMAoptions,
(scrreprt)             you'd have to use `fontsize=12pt' there
(scrreprt)             instead of `12pt', too.
Class scrreprt Info: You've used standard option `oneside'.
(scrreprt)           This is correct!
(scrreprt)           Internally I'm using `twoside=false'.
(scrreprt)           If you'd like to set the option with \KOMAoptions,
(scrreprt)           you'd have to use `twoside=false' there
(scrreprt)           instead of `oneside', too.
Class scrreprt Info: File `scrsize12pt.clo' used to setup font sizes on input line 2487.
 (d:/devTools/texlive/2021/texmf-dist/tex/latex/koma-script/scrsize12pt.clo
File: scrsize12pt.clo 2021/11/13 v3.35 KOMA-Script font size class option (12pt)
) (d:/devTools/texlive/2021/texmf-dist/tex/latex/koma-script/typearea.sty
Package: typearea 2021/11/13 v3.35 KOMA-Script package (type area)
\ta@bcor=\skip48
\ta@div=\count185
Package typearea Info: You've used standard option `a4paper'.
(typearea)             This is correct!
(typearea)             Internally I'm using `paper=a4'.
(typearea)             If you'd like to set the option with \KOMAoptions,
(typearea)             you'd have to use `paper=a4' there
(typearea)             instead of `a4paper', too.
Package typearea Info: You've used standard option `oneside'.
(typearea)             This is correct!
(typearea)             Internally I'm using `twoside=false'.
(typearea)             If you'd like to set the option with \KOMAoptions,
(typearea)             you'd have to use `twoside=false' there
(typearea)             instead of `oneside', too.
\ta@hblk=\skip49
\ta@vblk=\skip50
\ta@temp=\skip51
\footheight=\skip52
Package typearea Info: These are the values describing the layout:
(typearea)             DIV  = 12
(typearea)             BCOR = 0.0pt
(typearea)             \paperwidth      = 597.50793pt
(typearea)              \textwidth      = 448.13095pt
(typearea)              DIV departure   = -6%
(typearea)              \evensidemargin = 2.4185pt
(typearea)              \oddsidemargin  = 2.4185pt
(typearea)             \paperheight     = 845.04694pt
(typearea)              \textheight     = 635.5pt
(typearea)              \topmargin      = -41.72441pt
(typearea)              \headheight     = 18.125pt
(typearea)              \headsep        = 21.75pt
(typearea)              \topskip        = 12.0pt
(typearea)              \footskip       = 50.75pt
(typearea)              \baselineskip   = 14.5pt
(typearea)              on input line 1743.
)
\c@part=\count186
\c@chapter=\count187
\c@section=\count188
\c@subsection=\count189
\c@subsubsection=\count190
\c@paragraph=\count191
\c@subparagraph=\count192
\scr@dte@chapter@maxnumwidth=\skip53
Class scrreprt Info: using compatibility default `afterindent=bysign'
(scrreprt)           for `\chapter on input line 5717.
\scr@dte@section@maxnumwidth=\skip54
Class scrreprt Info: using compatibility default `runin=bysign'
(scrreprt)           for `\section on input line 5728.
Class scrreprt Info: using compatibility default `afterindent=bysign'
(scrreprt)           for `\section on input line 5728.
\scr@dte@part@maxnumwidth=\skip55
Class scrreprt Info: using compatibility default `afterindent=true'
(scrreprt)           for `\part on input line 5737.
\scr@dte@subsection@maxnumwidth=\skip56
Class scrreprt Info: using compatibility default `runin=bysign'
(scrreprt)           for `\subsection on input line 5747.
Class scrreprt Info: using compatibility default `afterindent=bysign'
(scrreprt)           for `\subsection on input line 5747.
\scr@dte@subsubsection@maxnumwidth=\skip57
Class scrreprt Info: using compatibility default `runin=bysign'
(scrreprt)           for `\subsubsection on input line 5757.
Class scrreprt Info: using compatibility default `afterindent=bysign'
(scrreprt)           for `\subsubsection on input line 5757.
\scr@dte@paragraph@maxnumwidth=\skip58
Class scrreprt Info: using compatibility default `runin=bysign'
(scrreprt)           for `\paragraph on input line 5768.
Class scrreprt Info: using compatibility default `afterindent=bysign'
(scrreprt)           for `\paragraph on input line 5768.
\scr@dte@subparagraph@maxnumwidth=\skip59
Class scrreprt Info: using compatibility default `runin=bysign'
(scrreprt)           for `\subparagraph on input line 5778.
Class scrreprt Info: using compatibility default `afterindent=bysign'
(scrreprt)           for `\subparagraph on input line 5778.
\abovecaptionskip=\skip60
\belowcaptionskip=\skip61
\c@pti@nb@sid@b@x=\box51
Package tocbasic Info: babel extension for `lof' omitted
(tocbasic)             because of missing \bbl@set@language on input line 6958.
\scr@dte@figure@maxnumwidth=\skip62
\c@figure=\count193
Package tocbasic Info: babel extension for `lot' omitted
(tocbasic)             because of missing \bbl@set@language on input line 6974.
\scr@dte@table@maxnumwidth=\skip63
\c@table=\count194
Class scrreprt Info: Redefining `\numberline' on input line 7142.
\bibindent=\dimen138
) (d:/devTools/texlive/2021/texmf-dist/tex/latex/base/inputenc.sty
Package: inputenc 2021/02/14 v1.3d Input encoding file
\inpenc@prehook=\toks17
\inpenc@posthook=\toks18
) (d:/devTools/texlive/2021/texmf-dist/tex/generic/babel/babel.sty
Package: babel 2022/02/13 3.71 The Babel package
\babel@savecnt=\count195
\U@D=\dimen139
\l@unhyphenated=\language87
 (d:/devTools/texlive/2021/texmf-dist/tex/generic/babel/txtbabel.def)
\bbl@readstream=\read2
\bbl@dirlevel=\count196
 (d:/devTools/texlive/2021/texmf-dist/tex/generic/babel-german/ngerman.ldf
Language: ngerman 2021/02/27 v2.13 German support for babel (post-1996 orthography)
 (d:/devTools/texlive/2021/texmf-dist/tex/generic/babel-german/ngermanb.ldf
Language: ngermanb 2021/02/27 v2.13 German support for babel (post-1996 orthography)
Package babel Info: Making " an active character on input line 122.
))) (d:/devTools/texlive/2021/texmf-dist/tex/latex/amsmath/amsmath.sty
Package: amsmath 2021/10/15 v2.17l AMS math features
\@mathmargin=\skip64

For additional information on amsmath, use the `?' option.
(d:/devTools/texlive/2021/texmf-dist/tex/latex/amsmath/amstext.sty
Package: amstext 2021/08/26 v2.01 AMS text
 (d:/devTools/texlive/2021/texmf-dist/tex/latex/amsmath/amsgen.sty
File: amsgen.sty 1999/11/30 v2.0 generic functions
\@emptytoks=\toks19
\ex@=\dimen140
)) (d:/devTools/texlive/2021/texmf-dist/tex/latex/amsmath/amsbsy.sty
Package: amsbsy 1999/11/29 v1.2d Bold Symbols
\pmbraise@=\dimen141
) (d:/devTools/texlive/2021/texmf-dist/tex/latex/amsmath/amsopn.sty
Package: amsopn 2021/08/26 v2.02 operator names
)
\inf@bad=\count197
LaTeX Info: Redefining \frac on input line 234.
\uproot@=\count198
\leftroot@=\count199
LaTeX Info: Redefining \overline on input line 399.
\classnum@=\count266
\DOTSCASE@=\count267
LaTeX Info: Redefining \ldots on input line 496.
LaTeX Info: Redefining \dots on input line 499.
LaTeX Info: Redefining \cdots on input line 620.
\Mathstrutbox@=\box52
\strutbox@=\box53
\big@size=\dimen142
LaTeX Font Info:    Redeclaring font encoding OML on input line 743.
LaTeX Font Info:    Redeclaring font encoding OMS on input line 744.
\macc@depth=\count268
\c@MaxMatrixCols=\count269
\dotsspace@=\muskip16
\c@parentequation=\count270
\dspbrk@lvl=\count271
\tag@help=\toks20
\row@=\count272
\column@=\count273
\maxfields@=\count274
\andhelp@=\toks21
\eqnshift@=\dimen143
\alignsep@=\dimen144
\tagshift@=\dimen145
\tagwidth@=\dimen146
\totwidth@=\dimen147
\lineht@=\dimen148
\@envbody=\toks22
\multlinegap=\skip65
\multlinetaggap=\skip66
\mathdisplay@stack=\toks23
LaTeX Info: Redefining \[ on input line 2938.
LaTeX Info: Redefining \] on input line 2939.
) (d:/devTools/texlive/2021/texmf-dist/tex/latex/amsfonts/amsfonts.sty
Package: amsfonts 2013/01/14 v3.01 Basic AMSFonts support
\symAMSa=\mathgroup4
\symAMSb=\mathgroup5
LaTeX Font Info:    Redeclaring math symbol \hbar on input line 98.
LaTeX Font Info:    Overwriting math alphabet `\mathfrak' in version `bold'
(Font)                  U/euf/m/n --> U/euf/b/n on input line 106.
) (d:/devTools/texlive/2021/texmf-dist/tex/latex/amsfonts/amssymb.sty
Package: amssymb 2013/01/14 v3.01 AMS font symbols
) (d:/devTools/texlive/2021/texmf-dist/tex/latex/base/makeidx.sty
Package: makeidx 2021/10/04 v1.0m Standard LaTeX package
) (d:/devTools/texlive/2021/texmf-dist/tex/latex/graphics/graphicx.sty
Package: graphicx 2021/09/16 v1.2d Enhanced LaTeX Graphics (DPC,SPQR)
 (d:/devTools/texlive/2021/texmf-dist/tex/latex/graphics/graphics.sty
Package: graphics 2021/03/04 v1.4d Standard LaTeX Graphics (DPC,SPQR)
 (d:/devTools/texlive/2021/texmf-dist/tex/latex/graphics/trig.sty
Package: trig 2021/08/11 v1.11 sin cos tan (DPC)
) (d:/devTools/texlive/2021/texmf-dist/tex/latex/graphics-cfg/graphics.cfg
File: graphics.cfg 2016/06/04 v1.11 sample graphics configuration
)
Package graphics Info: Driver file: pdftex.def on input line 107.
 (d:/devTools/texlive/2021/texmf-dist/tex/latex/graphics-def/pdftex.def
File: pdftex.def 2020/10/05 v1.2a Graphics/color driver for pdftex
))
\Gin@req@height=\dimen149
\Gin@req@width=\dimen150
) (d:/devTools/texlive/2021/texmf-dist/tex/latex/epstopdf-pkg/epstopdf.sty
Package: epstopdf 2020-01-24 v2.11 Conversion with epstopdf on the fly (HO)
 (d:/devTools/texlive/2021/texmf-dist/tex/generic/infwarerr/infwarerr.sty
Package: infwarerr 2019/12/03 v1.5 Providing info/warning/error messages (HO)
) (d:/devTools/texlive/2021/texmf-dist/tex/latex/grfext/grfext.sty
Package: grfext 2019/12/03 v1.3 Manage graphics extensions (HO)
 (d:/devTools/texlive/2021/texmf-dist/tex/generic/kvdefinekeys/kvdefinekeys.sty
Package: kvdefinekeys 2019-12-19 v1.6 Define keys (HO)
)) (d:/devTools/texlive/2021/texmf-dist/tex/latex/kvoptions/kvoptions.sty
Package: kvoptions 2020-10-07 v3.14 Key value format for package options (HO)
 (d:/devTools/texlive/2021/texmf-dist/tex/generic/ltxcmds/ltxcmds.sty
Package: ltxcmds 2020-05-10 v1.25 LaTeX kernel commands for general use (HO)
) (d:/devTools/texlive/2021/texmf-dist/tex/generic/kvsetkeys/kvsetkeys.sty
Package: kvsetkeys 2019/12/15 v1.18 Key value parser (HO)
)) (d:/devTools/texlive/2021/texmf-dist/tex/generic/pdftexcmds/pdftexcmds.sty
Package: pdftexcmds 2020-06-27 v0.33 Utility functions of pdfTeX for LuaTeX (HO)
 (d:/devTools/texlive/2021/texmf-dist/tex/generic/iftex/iftex.sty
Package: iftex 2022/02/03 v1.0f TeX engine tests
)
Package pdftexcmds Info: \pdf@primitive is available.
Package pdftexcmds Info: \pdf@ifprimitive is available.
Package pdftexcmds Info: \pdfdraftmode found.
) (d:/devTools/texlive/2021/texmf-dist/tex/latex/epstopdf-pkg/epstopdf-base.sty
Package: epstopdf-base 2020-01-24 v2.11 Base part for package epstopdf
Package epstopdf-base Info: Redefining graphics rule for `.eps' on input line 485.
Package grfext Info: Graphics extension search list:
(grfext)             [.pdf,.png,.jpg,.mps,.jpeg,.jbig2,.jb2,.PDF,.PNG,.JPG,.JPEG,.JBIG2,.JB2,.eps]
(grfext)             \AppendGraphicsExtensions on input line 504.
 (d:/devTools/texlive/2021/texmf-dist/tex/latex/latexconfig/epstopdf-sys.cfg
File: epstopdf-sys.cfg 2010/07/13 v1.3 Configuration of (r)epstopdf for TeX Live
))) (d:/devTools/texlive/2021/texmf-dist/tex/latex/base/textcomp.sty
Package: textcomp 2020/02/02 v2.0n Standard LaTeX package
) (d:/devTools/texlive/2021/texmf-dist/tex/latex/geometry/geometry.sty
Package: geometry 2020/01/02 v5.9 Page Geometry
 (d:/devTools/texlive/2021/texmf-dist/tex/generic/iftex/ifvtex.sty
Package: ifvtex 2019/10/25 v1.7 ifvtex legacy package. Use iftex instead.
)
\Gm@cnth=\count275
\Gm@cntv=\count276
\c@Gm@tempcnt=\count277
\Gm@bindingoffset=\dimen151
\Gm@wd@mp=\dimen152
\Gm@odd@mp=\dimen153
\Gm@even@mp=\dimen154
\Gm@layoutwidth=\dimen155
\Gm@layoutheight=\dimen156
\Gm@layouthoffset=\dimen157
\Gm@layoutvoffset=\dimen158
\Gm@dimlist=\toks24
) (d:/devTools/texlive/2021/texmf-dist/tex/latex/koma-script/scrlayer-scrpage.sty
Package: scrlayer-scrpage 2021/11/13 v3.35 KOMA-Script package (end user interface for scrlayer)
 (d:/devTools/texlive/2021/texmf-dist/tex/latex/koma-script/scrlayer.sty
Package: scrlayer 2021/11/13 v3.35 KOMA-Script package (defining layers and page styles)
Package scrlayer Info: Using already defined \footheight
(scrlayer)             hoping, that this is a length and
(scrlayer)             not only a macro on input line 136.
Package scrlayer Info: patching LaTeX kernel macro \pagestyle on input line 2162.
)
Package scrlayer-scrpage Info: Makeing stand-alone element `pagehead' from
(scrlayer-scrpage)             alias to `pageheadfoot' on input line 1085.
Package scrlayer-scrpage Info: deactivating warning for font element
(scrlayer-scrpage)             `pagefoot' on input line 1109.
)
Package scrlayer-scrpage Info: auto-selection of `pagestyleset=KOMA-Script'.
 (d:/devTools/texlive/2021/texmf-dist/tex/latex/graphics/color.sty
Package: color 2021/12/07 v1.3c Standard LaTeX Color (DPC)
 (d:/devTools/texlive/2021/texmf-dist/tex/latex/graphics-cfg/color.cfg
File: color.cfg 2016/01/02 v1.6 sample color configuration
)
Package color Info: Driver file: pdftex.def on input line 149.
) (d:/devTools/texlive/2021/texmf-dist/tex/latex/setspace/setspace.sty
Package: setspace 2011/12/19 v6.7a set line spacing
) (d:/devTools/texlive/2021/texmf-dist/tex/latex/tools/longtable.sty
Package: longtable 2021-09-01 v4.17 Multi-page Table package (DPC)
\LTleft=\skip67
\LTright=\skip68
\LTpre=\skip69
\LTpost=\skip70
\LTchunksize=\count278
\LTcapwidth=\dimen159
\LT@head=\box54
\LT@firsthead=\box55
\LT@foot=\box56
\LT@lastfoot=\box57
\LT@gbox=\box58
\LT@cols=\count279
\LT@rows=\count280
\c@LT@tables=\count281
\c@LT@chunks=\count282
\LT@p@ftn=\toks25
)
Class scrreprt Info: longtable captions redefined on input line 28.
 (d:/devTools/texlive/2021/texmf-dist/tex/latex/listings/listings.sty
\lst@mode=\count283
\lst@gtempboxa=\box59
\lst@token=\toks26
\lst@length=\count284
\lst@currlwidth=\dimen160
\lst@column=\count285
\lst@pos=\count286
\lst@lostspace=\dimen161
\lst@width=\dimen162
\lst@newlines=\count287
\lst@lineno=\count288
\lst@maxwidth=\dimen163
 (d:/devTools/texlive/2021/texmf-dist/tex/latex/listings/lstmisc.sty
File: lstmisc.sty 2020/03/24 1.8d (Carsten Heinz)
\c@lstnumber=\count289
\lst@skipnumbers=\count290
\lst@framebox=\box60
) (d:/devTools/texlive/2021/texmf-dist/tex/latex/listings/listings.cfg
File: listings.cfg 2020/03/24 1.8d listings configuration
))
Package: listings 2020/03/24 1.8d (Carsten Heinz)
 (d:/devTools/texlive/2021/texmf-dist/tex/latex/graphics/rotating.sty
Package: rotating 2016/08/11 v2.16d rotated objects in LaTeX
 (d:/devTools/texlive/2021/texmf-dist/tex/latex/base/ifthen.sty
Package: ifthen 2020/11/24 v1.1c Standard LaTeX ifthen package (DPC)
)
\c@r@tfl@t=\count291
\rotFPtop=\skip71
\rotFPbot=\skip72
\rot@float@box=\box61
\rot@mess@toks=\toks27
) (d:/devTools/texlive/2021/texmf-dist/tex/latex/pdfpages/pdfpages.sty
Package: pdfpages 2022/01/29 v0.5u Insert pages of external PDF documents (AM)
 (d:/devTools/texlive/2021/texmf-dist/tex/latex/tools/calc.sty
Package: calc 2017/05/25 v4.3 Infix arithmetic (KKT,FJ)
\calc@Acount=\count292
\calc@Bcount=\count293
\calc@Adimen=\dimen164
\calc@Bdimen=\dimen165
\calc@Askip=\skip73
\calc@Bskip=\skip74
LaTeX Info: Redefining \setlength on input line 80.
LaTeX Info: Redefining \addtolength on input line 81.
\calc@Ccount=\count294
\calc@Cskip=\skip75
) (d:/devTools/texlive/2021/texmf-dist/tex/latex/eso-pic/eso-pic.sty
Package: eso-pic 2020/10/14 v3.0a eso-pic (RN)
\ESO@tempdima=\dimen166
\ESO@tempdimb=\dimen167
)
\AM@pagewidth=\dimen168
\AM@pageheight=\dimen169
\AM@fboxrule=\dimen170
 (d:/devTools/texlive/2021/texmf-dist/tex/latex/pdfpages/pppdftex.def
File: pppdftex.def 2022/01/29 v0.5u Pdfpages driver for pdfTeX (AM)
)
\pdfpages@includegraphics@status=\count295
\AM@pagebox=\box62
\AM@global@opts=\toks28
\AM@pagecnt=\count296
\AM@toc@title=\toks29
\c@AM@survey=\count297
\AM@templatesizebox=\box63
) (d:/devTools/texlive/2021/texmf-dist/tex/latex/caption/caption.sty
Package: caption 2020/10/26 v3.5g Customizing captions (AR)
 (d:/devTools/texlive/2021/texmf-dist/tex/latex/caption/caption3.sty
Package: caption3 2020/10/21 v2.2e caption3 kernel (AR)
\captionmargin=\dimen171
\captionmargin@=\dimen172
\captionwidth=\dimen173
\caption@tempdima=\dimen174
\caption@indent=\dimen175
\caption@parindent=\dimen176
\caption@hangindent=\dimen177
Package caption Info: KOMA-Script document class detected.
 (d:/devTools/texlive/2021/texmf-dist/tex/latex/caption/caption-koma.sto
File: caption-koma.sto 2020/09/21 v2.0b Adaption of the caption package to the KOMA-Script document classes (AR)
))
\c@caption@flags=\count298
\c@continuedfloat=\count299
Package caption Info: listings package is loaded.
Package caption Info: longtable package is loaded.
 (d:/devTools/texlive/2021/texmf-dist/tex/latex/caption/ltcaption.sty
Package: ltcaption 2020/05/30 v1.4b longtable captions (AR)
)
Package caption Info: rotating package is loaded.
) (d:/devTools/texlive/2021/texmf-dist/tex/latex/caption/subcaption.sty
Package: subcaption 2020/10/07 v1.3j Sub-captions (AR)
\c@subfigure=\count300
\c@subtable=\count301
) (d:/devTools/texlive/2021/texmf-dist/tex/latex/booktabs/booktabs.sty
Package: booktabs 2020/01/12 v1.61803398 Publication quality tables
\heavyrulewidth=\dimen178
\lightrulewidth=\dimen179
\cmidrulewidth=\dimen180
\belowrulesep=\dimen181
\belowbottomsep=\dimen182
\aboverulesep=\dimen183
\abovetopsep=\dimen184
\cmidrulesep=\dimen185
\cmidrulekern=\dimen186
\defaultaddspace=\dimen187
\@cmidla=\count302
\@cmidlb=\count303
\@aboverulesep=\dimen188
\@belowrulesep=\dimen189
\@thisruleclass=\count304
\@lastruleclass=\count305
\@thisrulewidth=\dimen190
) (d:/devTools/texlive/2021/texmf-dist/tex/latex/adjustbox/adjustbox.sty
Package: adjustbox 2020/08/19 v1.3 Adjusting TeX boxes (trim, clip, ...)
 (d:/devTools/texlive/2021/texmf-dist/tex/latex/xkeyval/xkeyval.sty
Package: xkeyval 2020/11/20 v2.8 package option processing (HA)
 (d:/devTools/texlive/2021/texmf-dist/tex/generic/xkeyval/xkeyval.tex (d:/devTools/texlive/2021/texmf-dist/tex/generic/xkeyval/xkvutils.tex
\XKV@toks=\toks30
\XKV@tempa@toks=\toks31
)
\XKV@depth=\count306
File: xkeyval.tex 2014/12/03 v2.7a key=value parser (HA)
)) (d:/devTools/texlive/2021/texmf-dist/tex/latex/adjustbox/adjcalc.sty
Package: adjcalc 2012/05/16 v1.1 Provides advanced setlength with multiple back-ends (calc, etex, pgfmath)
) (d:/devTools/texlive/2021/texmf-dist/tex/latex/adjustbox/trimclip.sty
Package: trimclip 2020/08/19 v1.2 Trim and clip general TeX material
 (d:/devTools/texlive/2021/texmf-dist/tex/latex/collectbox/collectbox.sty
Package: collectbox 2012/05/17 v0.4b Collect macro arguments as boxes
\collectedbox=\box64
)
\tc@llx=\dimen191
\tc@lly=\dimen192
\tc@urx=\dimen193
\tc@ury=\dimen194
Package trimclip Info: Using driver 'tc-pdftex.def'.
 (d:/devTools/texlive/2021/texmf-dist/tex/latex/adjustbox/tc-pdftex.def
File: tc-pdftex.def 2019/01/04 v2.2 Clipping driver for pdftex
))
\adjbox@Width=\dimen195
\adjbox@Height=\dimen196
\adjbox@Depth=\dimen197
\adjbox@Totalheight=\dimen198
\adjbox@pwidth=\dimen199
\adjbox@pheight=\dimen256
\adjbox@pdepth=\dimen257
\adjbox@ptotalheight=\dimen258
 (d:/devTools/texlive/2021/texmf-dist/tex/latex/ifoddpage/ifoddpage.sty
Package: ifoddpage 2016/04/23 v1.1 Conditionals for odd/even page detection
\c@checkoddpage=\count307
) (d:/devTools/texlive/2021/texmf-dist/tex/latex/varwidth/varwidth.sty
Package: varwidth 2009/03/30 ver 0.92;  Variable-width minipages
\@vwid@box=\box65
\sift@deathcycles=\count308
\@vwid@loff=\dimen259
\@vwid@roff=\dimen260
)) (d:/devTools/texlive/2021/texmf-dist/tex/latex/psnfss/courier.sty
Package: courier 2020/03/25 PSNFSS-v9.3 (WaS) 
) (d:/devTools/texlive/2021/texmf-dist/tex/latex/psnfss/helvet.sty
Package: helvet 2020/03/25 PSNFSS-v9.3 (WaS) 
) (d:/devTools/texlive/2021/texmf-dist/tex/latex/psnfss/times.sty
Package: times 2020/03/25 PSNFSS-v9.3 (SPQR) 
)
1: chapter
(d:/devTools/texlive/2021/texmf-dist/tex/latex/base/fleqn.sty

LaTeX Warning: inputting `fleqn.clo' instead of obsolete `fleqn.sty'.

(d:/devTools/texlive/2021/texmf-dist/tex/latex/base/fleqn.clo
File: fleqn.clo 2016/12/29 v1.2b Standard LaTeX option (flush left equations)
\mathindent=\skip76
Applying: [2015/01/01] Make \[ robust on input line 50.
LaTeX Info: Redefining \[ on input line 51.
Already applied: [0000/00/00] Make \[ robust on input line 62.
Applying: [2015/01/01] Make \] robust on input line 74.
LaTeX Info: Redefining \] on input line 75.
Already applied: [0000/00/00] Make \] robust on input line 83.
)) (d:/devTools/texlive/2021/texmf-dist/tex/latex/multirow/multirow.sty
Package: multirow 2021/03/15 v2.8 Span multiple rows of a table
\multirow@colwidth=\skip77
\multirow@cntb=\count309
\multirow@dima=\skip78
\bigstrutjot=\dimen261
) (d:/devTools/texlive/2021/texmf-dist/tex/latex/tabu/tabu.sty
Package: tabu 2019/01/11 v2.9 - flexible LaTeX tabulars (FC+tabu-fixed)
 (d:/devTools/texlive/2021/texmf-dist/tex/latex/tools/array.sty
Package: array 2021/10/04 v2.5f Tabular extension package (FMi)
\col@sep=\dimen262
\ar@mcellbox=\box66
\extrarowheight=\dimen263
\NC@list=\toks32
\extratabsurround=\skip79
\backup@length=\skip80
\ar@cellbox=\box67
)
\c@taburow=\count310
\tabu@nbcols=\count311
\tabu@cnt=\count312
\tabu@Xcol=\count313
\tabu@alloc=\count314
\tabu@nested=\count315
\tabu@target=\dimen264
\tabu@spreadtarget=\dimen265
\tabu@naturalX=\dimen266
\tabucolX=\dimen267
\tabu@Xsum=\dimen268
\extrarowdepth=\dimen269
\abovetabulinesep=\dimen270
\belowtabulinesep=\dimen271
\tabustrutrule=\dimen272
\tabu@thebody=\toks33
\tabu@footnotes=\toks34
\tabu@box=\box68
\tabu@arstrutbox=\box69
\tabu@hleads=\box70
\tabu@vleads=\box71
\tabu@cellskip=\skip81
) (d:/devTools/texlive/2021/texmf-dist/tex/latex/acronym/acronym.sty
Package: acronym 2020/04/17 v1.47 Support for acronyms (Tobias Oetiker)
 (d:/devTools/texlive/2021/texmf-dist/tex/latex/bigfoot/suffix.sty
Package: suffix 2006/07/15 1.5a Variant command support
) (d:/devTools/texlive/2021/texmf-dist/tex/generic/xstring/xstring.sty (d:/devTools/texlive/2021/texmf-dist/tex/generic/xstring/xstring.tex
\integerpart=\count316
\decimalpart=\count317
)
Package: xstring 2021/07/21 v1.84 String manipulations (CT)
)
\AC@clearlist=\toks35
)
LaTeX Font Info:    Trying to load font information for OT1+ptm on input line 114.
 (d:/devTools/texlive/2021/texmf-dist/tex/latex/psnfss/ot1ptm.fd
File: ot1ptm.fd 2001/06/04 font definitions for OT1/ptm.
) (d:/devTools/texlive/2021/texmf-dist/tex/latex/l3backend/l3backend-pdftex.def
File: l3backend-pdftex.def 2022-02-07 L3 backend support: PDF output (pdfTeX)
\l__color_backend_stack_int=\count318
\l__pdf_internal_box=\box72
) (./000arbeit.aux (./doc/001titelblatt.aux) (./doc/002erklaerung.aux) (./doc/101kap1.aux) (./doc/102kap2.aux

LaTeX Warning: Label `fig:CV' multiply defined.

) (./doc/103kap3.aux) (./doc/111Schluss.aux) (./doc/202abkuerzungsverzeichnis.aux))
\openout1 = `000arbeit.aux'.

LaTeX Font Info:    Checking defaults for OML/cmm/m/it on input line 114.
LaTeX Font Info:    ... okay on input line 114.
LaTeX Font Info:    Checking defaults for OMS/cmsy/m/n on input line 114.
LaTeX Font Info:    ... okay on input line 114.
LaTeX Font Info:    Checking defaults for OT1/cmr/m/n on input line 114.
LaTeX Font Info:    ... okay on input line 114.
LaTeX Font Info:    Checking defaults for T1/cmr/m/n on input line 114.
LaTeX Font Info:    ... okay on input line 114.
LaTeX Font Info:    Checking defaults for TS1/cmr/m/n on input line 114.
LaTeX Font Info:    ... okay on input line 114.
LaTeX Font Info:    Checking defaults for OMX/cmex/m/n on input line 114.
LaTeX Font Info:    ... okay on input line 114.
LaTeX Font Info:    Checking defaults for U/cmr/m/n on input line 114.
LaTeX Font Info:    ... okay on input line 114.
 (d:/devTools/texlive/2021/texmf-dist/tex/context/base/mkii/supp-pdf.mkii
[Loading MPS to PDF converter (version 2006.09.02).]
\scratchcounter=\count319
\scratchdimen=\dimen273
\scratchbox=\box73
\nofMPsegments=\count320
\nofMParguments=\count321
\everyMPshowfont=\toks36
\MPscratchCnt=\count322
\MPscratchDim=\dimen274
\MPnumerator=\count323
\makeMPintoPDFobject=\count324
\everyMPtoPDFconversion=\toks37
)
*geometry* driver: auto-detecting
*geometry* detected driver: pdftex
*geometry* verbose mode - [ preamble ] result:
* driver: pdftex
* paper: a4paper
* layout: <same size as paper>
* layoutoffset:(h,v)=(0.0pt,0.0pt)
* modes: 
* h-part:(L,W,R)=(85.35826pt, 426.79135pt, 85.35826pt)
* v-part:(T,H,B)=(71.13188pt, 702.78308pt, 71.13188pt)
* \paperwidth=597.50787pt
* \paperheight=845.04684pt
* \textwidth=426.79135pt
* \textheight=702.78308pt
* \oddsidemargin=13.08827pt
* \evensidemargin=13.08827pt
* \topmargin=-41.0131pt
* \headheight=18.125pt
* \headsep=21.75pt
* \topskip=12.0pt
* \footskip=50.75pt
* \marginparwidth=49.79233pt
* \marginparsep=12.8401pt
* \columnsep=10.0pt
* \skip\footins=10.8pt plus 4.0pt minus 2.0pt
* \hoffset=0.0pt
* \voffset=0.0pt
* \mag=1000
* \@twocolumnfalse
* \@twosidefalse
* \@mparswitchfalse
* \@reversemarginfalse
* (1in=72.27pt=25.4mm, 1cm=28.453pt)

\c@lstlisting=\count325
(d:/devTools/texlive/2021/texmf-dist/tex/latex/pdflscape/pdflscape.sty
Package: pdflscape 2019/12/05 v0.12 Display of landscape pages in PDF (HO)
 (d:/devTools/texlive/2021/texmf-dist/tex/latex/graphics/lscape.sty
Package: lscape 2020/05/28 v3.02 Landscape Pages (DPC)
)
Package pdflscape Info: Auto-detected driver: pdftex on input line 81.
)
Package caption Info: Begin \AtBeginDocument code.
Package caption Info: End \AtBeginDocument code.
Package scrbase Info: activating ngerman \contentsname on input line 114.
Package scrbase Info: activating ngerman \bibname on input line 114.
\openout2 = `./doc/001titelblatt.aux'.

 (./doc/001titelblatt.tex

Package geometry Warning: `a4paper': not available in `\newgeometry'; skipped.


Package geometry Warning: `portrait': not available in `\newgeometry'; skipped.

*geometry* verbose mode - [ newgeometry ] result:
* driver: pdftex
* paper: a4paper
* layout: <same size as paper>
* layoutoffset:(h,v)=(0.0pt,0.0pt)
* modes: includefoot 
* h-part:(L,W,R)=(0.0pt, 597.50787pt, 0.0pt)
* v-part:(T,H,B)=(17.07182pt, 827.97502pt, 0.0pt)
* \paperwidth=597.50787pt
* \paperheight=845.04684pt
* \textwidth=597.50787pt
* \textheight=777.22502pt
* \oddsidemargin=-72.26999pt
* \evensidemargin=-72.26999pt
* \topmargin=-95.07317pt
* \headheight=18.125pt
* \headsep=21.75pt
* \topskip=12.0pt
* \footskip=50.75pt
* \marginparwidth=49.79233pt
* \marginparsep=12.8401pt
* \columnsep=10.0pt
* \skip\footins=10.8pt plus 4.0pt minus 2.0pt
* \hoffset=0.0pt
* \voffset=0.0pt
* \mag=1000
* \@twocolumnfalse
* \@twosidefalse
* \@mparswitchfalse
* \@reversemarginfalse
* (1in=72.27pt=25.4mm, 1cm=28.453pt)

<./pic/FHAC.jpg, id=1, 45.5301pt x 136.5903pt>
File: ./pic/FHAC.jpg Graphic file (type jpg)
<use ./pic/FHAC.jpg>
Package pdftex.def Info: ./pic/FHAC.jpg  used on input line 9.
(pdftex.def)             Requested size: 48.36958pt x 145.1164pt.
LaTeX Font Info:    Trying to load font information for OT1+phv on input line 15.
(d:/devTools/texlive/2021/texmf-dist/tex/latex/psnfss/ot1phv.fd
File: ot1phv.fd 2020/03/25 scalable font definitions for OT1/phv.
)
LaTeX Font Info:    Trying to load font information for U+msa on input line 49.
 (d:/devTools/texlive/2021/texmf-dist/tex/latex/amsfonts/umsa.fd
File: umsa.fd 2013/01/14 v3.01 AMS symbols A
)
LaTeX Font Info:    Trying to load font information for U+msb on input line 49.
 (d:/devTools/texlive/2021/texmf-dist/tex/latex/amsfonts/umsb.fd
File: umsb.fd 2013/01/14 v3.01 AMS symbols B
) [1





{d:/devTools/texlive/2021/texmf-var/fonts/map/pdftex/updmap/pdftex.map} <./pic/FHAC.jpg>])
\openout2 = `./doc/002erklaerung.aux'.

 (./doc/002erklaerung.tex) [2






] (./000arbeit.toc [3




])
\tf@toc=\write3
\openout3 = `000arbeit.toc'.

 [4]
\openout2 = `./doc/101kap1.aux'.

 (./doc/101kap1.tex
chapter 1.

Class scrreprt Warning: \float@addtolists detected!
(scrreprt)              Implementation of \float@addtolist became
(scrreprt)              deprecated in KOMA-Script v3.01 2008/11/14 and
(scrreprt)              has been replaced by several more flexible
(scrreprt)              features of package `tocbasic`.
(scrreprt)              Since Version 3.12 support for deprecated
(scrreprt)              \float@addtolist interface has been
(scrreprt)              restricted to only some of the KOMA-Script
(scrreprt)              features and been removed from others.
(scrreprt)              Loading of package `scrhack' may help to
(scrreprt)              avoid this warning, if you are using a
(scrreprt)              a package that still implements the
(scrreprt)              deprecated \float@addtolist interface.


Overfull \hbox (27.7536pt too wide) in paragraph at lines 8--28
\OT1/ptm/m/n/12 rung der Ener-gie-ef-fi-zi-enz durch bau-phy-si-ka-li-sche Ma^^Y-nah-men, wie ver-min-der-te W[]armeverluste
 []


Underfull \hbox (badness 10000) in paragraph at lines 8--28

 []


Underfull \hbox (badness 10000) in paragraph at lines 8--28

 []


Overfull \hbox (24.13786pt too wide) in paragraph at lines 8--28
\OT1/ptm/m/n/12 fern au-to-ma-tisch an-zu-steu-ern, so-dass sog. Performance-Gaps ver-mie-den wer-den. Performance-
 []


Underfull \hbox (badness 10000) in paragraph at lines 8--28

 []


Underfull \hbox (badness 10000) in paragraph at lines 33--62

 []


Overfull \hbox (2.4899pt too wide) in paragraph at lines 33--62
\OT1/ptm/m/n/12 !! Warum ist das es-sen-zi-ell? !! Da die di-rek-te Mes-sung von An-we-sen-heit []uber z.B. Infrarot-
 []


Underfull \hbox (badness 10000) in paragraph at lines 33--62

 []


Underfull \hbox (badness 10000) in paragraph at lines 33--62

 []

[5





]
LaTeX Font Info:    Trying to load font information for TS1+ptm on input line 85.
 (d:/devTools/texlive/2021/texmf-dist/tex/latex/psnfss/ts1ptm.fd
File: ts1ptm.fd 2001/06/04 font definitions for TS1/ptm.
))
Underfull \hbox (badness 10000) in paragraph at lines 90--141

 []

[6] [7]
\openout2 = `./doc/102kap2.aux'.

 (./doc/102kap2.tex
chapter 2.

Underfull \hbox (badness 10000) in paragraph at lines 5--16

 []


Underfull \hbox (badness 10000) in paragraph at lines 5--16

 []


Underfull \hbox (badness 10000) in paragraph at lines 5--16

 []

[8





]
chapter 3.

Underfull \hbox (badness 10000) in paragraph at lines 39--51

 []

[9

]
<./pic/Clustering_Beispiel.png, id=39, 369.63094pt x 386.94562pt>
File: ./pic/Clustering_Beispiel.png Graphic file (type png)
<use ./pic/Clustering_Beispiel.png>
Package pdftex.def Info: ./pic/Clustering_Beispiel.png  used on input line 78.
(pdftex.def)             Requested size: 227.62204pt x 238.28603pt.
 [10 <./pic/Clustering_Beispiel.png>]
<pic/DecisionTree.png, id=44, 763.85374pt x 283.0575pt>
File: pic/DecisionTree.png Graphic file (type png)
<use pic/DecisionTree.png>
Package pdftex.def Info: pic/DecisionTree.png  used on input line 102.
(pdftex.def)             Requested size: 284.52756pt x 105.43364pt.

Underfull \hbox (badness 10000) in paragraph at lines 115--128

 []

[11 <./pic/DecisionTree.png>]
<pic/SVC_1D.png, id=50, 631.60968pt x 109.1578pt>
File: pic/SVC_1D.png Graphic file (type png)
<use pic/SVC_1D.png>
Package pdftex.def Info: pic/SVC_1D.png  used on input line 136.
(pdftex.def)             Requested size: 284.52756pt x 49.17384pt.

Underfull \hbox (badness 10000) in paragraph at lines 141--146

 []

<pic/SVC_2D.png, id=51, 598.235pt x 396.48125pt>
File: pic/SVC_2D.png Graphic file (type png)
<use pic/SVC_2D.png>
Package pdftex.def Info: pic/SVC_2D.png  used on input line 149.
(pdftex.def)             Requested size: 284.52756pt x 188.57254pt.
[12 <./pic/SVC_1D.png> <./pic/SVC_2D.png>]
<pic/logistic_regression.png, id=56, 726.715pt x 451.6875pt>
File: pic/logistic_regression.png Graphic file (type png)
<use pic/logistic_regression.png>
Package pdftex.def Info: pic/logistic_regression.png  used on input line 170.
(pdftex.def)             Requested size: 284.52756pt x 176.84662pt.
 [13 <./pic/logistic_regression.png>]
<pic/logistic_regression_high s.png, id=64, 726.715pt x 451.6875pt>
File: pic/logistic_regression_high s.png Graphic file (type png)
<use pic/logistic_regression_high s.png>
Package pdftex.def Info: pic/logistic_regression_high s.png  used on input line 196.
(pdftex.def)             Requested size: 284.52756pt x 176.84662pt.
 [14 <./pic/logistic_regression_high s.png>]
<pic/KNN.png, id=69, 658.46pt x 425.59pt>
File: pic/KNN.png Graphic file (type png)
<use pic/KNN.png>
Package pdftex.def Info: pic/KNN.png  used on input line 211.
(pdftex.def)             Requested size: 341.43306pt x 220.68465pt.
 [15 <./pic/KNN.png>]
Underfull \hbox (badness 10000) in paragraph at lines 230--234

 []

<pic/KMeans_step1.png, id=75, 684.5575pt x 86.3225pt>
File: pic/KMeans_step1.png Graphic file (type png)
<use pic/KMeans_step1.png>
Package pdftex.def Info: pic/KMeans_step1.png  used on input line 237.
(pdftex.def)             Requested size: 341.43306pt x 43.05576pt.

Underfull \hbox (badness 10000) in paragraph at lines 242--246

 []

<pic/KMeans_step2.png, id=76, 684.5575pt x 86.3225pt>
File: pic/KMeans_step2.png Graphic file (type png)
<use pic/KMeans_step2.png>
Package pdftex.def Info: pic/KMeans_step2.png  used on input line 249.
(pdftex.def)             Requested size: 341.43306pt x 43.05576pt.
[16 <./pic/KMeans_step1.png> <./pic/KMeans_step2.png>]
<pic/NN.png, id=82, 527.9725pt x 452.69125pt>
File: pic/NN.png Graphic file (type png)
<use pic/NN.png>
Package pdftex.def Info: pic/NN.png  used on input line 270.
(pdftex.def)             Requested size: 284.52756pt x 243.95229pt.

Underfull \hbox (badness 10000) in paragraph at lines 281--285

 []

<pic/RecurrentNN.png, id=83, 527.9725pt x 211.79124pt>
File: pic/RecurrentNN.png Graphic file (type png)
<use pic/RecurrentNN.png>
Package pdftex.def Info: pic/RecurrentNN.png  used on input line 288.
(pdftex.def)             Requested size: 284.52756pt x 114.13289pt.

LaTeX Warning: `h' float specifier changed to `ht'.

[17 <./pic/NN.png>]
Underfull \hbox (badness 10000) in paragraph at lines 293--301

 []

<pic/LSTM-Cell.png, id=88, 698.61pt x 405.515pt>
File: pic/LSTM-Cell.png Graphic file (type png)
<use pic/LSTM-Cell.png>
Package pdftex.def Info: pic/LSTM-Cell.png  used on input line 304.
(pdftex.def)             Requested size: 341.43306pt x 198.1905pt.
[18 <./pic/RecurrentNN.png> <./pic/LSTM-Cell.png>]
Underfull \hbox (badness 10000) in paragraph at lines 315--323

 []


Underfull \hbox (badness 10000) in paragraph at lines 332--337

 []

<pic/co2_singleDay.png, id=94, 464.4853pt x 344.78813pt>
File: pic/co2_singleDay.png Graphic file (type png)
<use pic/co2_singleDay.png>
Package pdftex.def Info: pic/co2_singleDay.png  used on input line 340.
(pdftex.def)             Requested size: 298.75264pt x 221.76846pt.
[19 <./pic/co2_singleDay.png>]
Underfull \hbox (badness 10000) in paragraph at lines 361--364

 []

[20]
chapter 4.

Underfull \hbox (badness 10000) in paragraph at lines 387--397

 []


Underfull \hbox (badness 5490) in paragraph at lines 425--432
\OT1/ptm/m/n/12 Desweiteren wur-den von den Spal-ten ,,\OT1/ptm/m/it/12 co2[]ppm\OT1/ptm/m/n/12 '', ,,\OT1/ptm/m/it/12 tem-pe-ra-ture[]celsius\OT1/ptm/m/n/12 '' und 
 []


Underfull \hbox (badness 10000) in paragraph at lines 425--432

 []


Underfull \hbox (badness 10000) in paragraph at lines 425--432

 []

[21

] [22]
Underfull \hbox (badness 2478) in paragraph at lines 472--479
[]\OT1/ptm/m/n/12 Uber das Pro-jekt hin-weg wur-den ver-schie-de-ne Va-li-die-rungs-me-tho-den ver-wen-det.
 []

<pic/confusion_matrix_ex.png, id=109, 271.0125pt x 77.53969pt>
File: pic/confusion_matrix_ex.png Graphic file (type png)
<use pic/confusion_matrix_ex.png>
Package pdftex.def Info: pic/confusion_matrix_ex.png  used on input line 482.
(pdftex.def)             Requested size: 256.07741pt x 73.26945pt.

Underfull \hbox (badness 10000) in paragraph at lines 487--489

 []

[23 <./pic/confusion_matrix_ex.png>]
Underfull \hbox (badness 10000) in paragraph at lines 508--510

 []

[24]
<pic/CV.png, id=116, 597.73312pt x 317.68687pt>
File: pic/CV.png Graphic file (type png)
<use pic/CV.png>
Package pdftex.def Info: pic/CV.png  used on input line 536.
(pdftex.def)             Requested size: 298.75264pt x 158.78487pt.

Underfull \hbox (badness 10000) in paragraph at lines 541--551

 []


Underfull \hbox (badness 10000) in paragraph at lines 554--566

 []


Underfull \hbox (badness 1394) in paragraph at lines 554--566
\OT1/ptm/m/it/12 Underfitting \OT1/ptm/m/n/12 be-deu-tet da-ge-gen, dass es das Mo-dell nicht ge-schafft hat, zwi-schen
 []

[25 <./pic/CV.png>]
Underfull \hbox (badness 1270) in paragraph at lines 568--577
\OT1/ptm/m/n/12 wes-halb es sich an-bie-tet, die Ge-nau-ig-kei-ten meh-re-rer Mo-del-le mit ver-schie-de-nen
 []


Underfull \hbox (badness 10000) in paragraph at lines 568--577

 []

<pic/param_test.png, id=121, 319.94531pt x 145.29282pt>
File: pic/param_test.png Graphic file (type png)
<use pic/param_test.png>
Package pdftex.def Info: pic/param_test.png  used on input line 580.
(pdftex.def)             Requested size: 256.07741pt x 116.28983pt.
) [26 <./pic/param_test.png>]
\openout2 = `./doc/103kap3.aux'.

 (./doc/103kap3.tex
chapter 5.

Underfull \hbox (badness 10000) in paragraph at lines 17--19

 []


Underfull \hbox (badness 10000) in paragraph at lines 17--19

 []


Underfull \hbox (badness 10000) in paragraph at lines 20--25

 []


Underfull \hbox (badness 10000) in paragraph at lines 20--25

 []

[27





]
<pic/feature_importances.png, id=128, 609.77812pt x 431.36156pt>
File: pic/feature_importances.png Graphic file (type png)
<use pic/feature_importances.png>
Package pdftex.def Info: pic/feature_importances.png  used on input line 39.
(pdftex.def)             Requested size: 341.43437pt x 241.54108pt.
 [28 <./pic/feature_importances.png>]
<pic/feature_importances_better.png, id=133, 422.32782pt x 347.79938pt>
File: pic/feature_importances_better.png Graphic file (type png)
<use pic/feature_importances_better.png>
Package pdftex.def Info: pic/feature_importances_better.png  used on input line 65.
(pdftex.def)             Requested size: 384.1096pt x 316.3334pt.

Underfull \hbox (badness 10000) in paragraph at lines 70--74

 []

[29 <./pic/feature_importances_better.png>]
<pic/FV_comp.png, id=137, 450.18187pt x 264.23718pt>
File: pic/FV_comp.png Graphic file (type png)
<use pic/FV_comp.png>
Package pdftex.def Info: pic/FV_comp.png  used on input line 103.
(pdftex.def)             Requested size: 341.43437pt x 200.41512pt.
 [30 <./pic/FV_comp.png>]
Underfull \hbox (badness 10000) in paragraph at lines 115--116

 []

[31]
<pic/confusion_matrix.png, id=145, 296.60812pt x 283.0575pt>
File: pic/confusion_matrix.png Graphic file (type png)
<use pic/confusion_matrix.png>
Package pdftex.def Info: pic/confusion_matrix.png  used on input line 167.
(pdftex.def)             Requested size: 213.39568pt x 203.65437pt.

Underfull \hbox (badness 10000) in paragraph at lines 172--183

 []


Underfull \hbox (badness 10000) in paragraph at lines 172--183

 []


Underfull \hbox (badness 1675) in paragraph at lines 172--183
\OT1/ptm/m/n/12 Dieser Trend lies sich bei al-len Mo-del-len be-ob-ach-ten. Die Ge-nau-ig-keit bei der
 []

[32 <./pic/confusion_matrix.png>]
<pic/results_all.png, id=149, 358.33875pt x 213.79875pt>
File: pic/results_all.png Graphic file (type png)
<use pic/results_all.png>
Package pdftex.def Info: pic/results_all.png  used on input line 191.
(pdftex.def)             Requested size: 298.75264pt x 178.2587pt.

Underfull \hbox (badness 10000) in paragraph at lines 196--203

 []

<pic/results_spec.png, id=150, 358.33875pt x 213.04594pt>
File: pic/results_spec.png Graphic file (type png)
<use pic/results_spec.png>
Package pdftex.def Info: pic/results_spec.png  used on input line 206.
(pdftex.def)             Requested size: 298.75264pt x 177.63103pt.
[33 <./pic/results_all.png> <./pic/results_spec.png>]
<pic/nov23_actual.png, id=155, 1017.04968pt x 502.12593pt>
File: pic/nov23_actual.png Graphic file (type png)
<use pic/nov23_actual.png>
Package pdftex.def Info: pic/nov23_actual.png  used on input line 221.
(pdftex.def)             Requested size: 384.1096pt x 189.63757pt.
<pic/nov23_predicted.png, id=156, 1019.30812pt x 537.50812pt>
File: pic/nov23_predicted.png Graphic file (type png)
<use pic/nov23_predicted.png>
Package pdftex.def Info: pic/nov23_predicted.png  used on input line 235.
(pdftex.def)             Requested size: 384.1096pt x 202.54926pt.
 [34 <./pic/nov23_actual.png> <./pic/nov23_predicted.png>]
<pic/param_eval.png, id=162, 359.84438pt x 213.79875pt>
File: pic/param_eval.png Graphic file (type png)
<use pic/param_eval.png>
Package pdftex.def Info: pic/param_eval.png  used on input line 261.
(pdftex.def)             Requested size: 256.07741pt x 152.15701pt.

Underfull \hbox (badness 10000) in paragraph at lines 266--271

 []

[35 <./pic/param_eval.png>]
<pic/roc_all.png, id=166, 808.52063pt x 283.81032pt>
File: pic/roc_all.png Graphic file (type png)
<use pic/roc_all.png>
Package pdftex.def Info: pic/roc_all.png  used on input line 294.
(pdftex.def)             Requested size: 384.1096pt x 134.83295pt.
 [36 <./pic/roc_all.png>] [37]
<pic/h217_predicting_livingroom.png, id=174, 1008.76875pt x 552.56438pt>
File: pic/h217_predicting_livingroom.png Graphic file (type png)
<use pic/h217_predicting_livingroom.png>
Package pdftex.def Info: pic/h217_predicting_livingroom.png  used on input line 329.
(pdftex.def)             Requested size: 405.45047pt x 222.09262pt.

Underfull \hbox (badness 1546) in paragraph at lines 334--340
\OT1/ptm/m/n/12 Einf[]arbungen der ein-zel-nen Da-ten-punk-te vor-ge-nom-men. Wie in 5.11[] an-hand der
 []

[38 <./pic/h217_predicting_livingroom.png>]
<pic/eval_NN.png, id=178, 816.04875pt x 283.81032pt>
File: pic/eval_NN.png Graphic file (type png)
<use pic/eval_NN.png>
Package pdftex.def Info: pic/eval_NN.png  used on input line 357.
(pdftex.def)             Requested size: 384.1096pt x 133.59007pt.
<pic/eval_LSTM.png, id=179, 816.04875pt x 290.58563pt>
File: pic/eval_LSTM.png Graphic file (type png)
<use pic/eval_LSTM.png>
Package pdftex.def Info: pic/eval_LSTM.png  used on input line 364.
(pdftex.def)             Requested size: 384.1096pt x 136.77922pt.
 [39 <./pic/eval_NN.png> <./pic/eval_LSTM.png>]
<pic/roc_nn.png, id=183, 423.08063pt x 283.81032pt>
File: pic/roc_nn.png Graphic file (type png)
<use pic/roc_nn.png>
Package pdftex.def Info: pic/roc_nn.png  used on input line 380.
(pdftex.def)             Requested size: 256.07741pt x 171.78587pt.
 [40 <./pic/roc_nn.png>]
Underfull \hbox (badness 10000) in paragraph at lines 425--439

 []


Underfull \hbox (badness 10000) in paragraph at lines 457--459

 []

[41]
<pic/pca.png, id=190, 764.8575pt x 391.4625pt>
File: pic/pca.png Graphic file (type png)
<use pic/pca.png>
Package pdftex.def Info: pic/pca.png  used on input line 465.
(pdftex.def)             Requested size: 362.77525pt x 185.67184pt.

Underfull \hbox (badness 10000) in paragraph at lines 470--476

 []

<pic/pca1.png, id=191, 436.63126pt x 386.94562pt>
File: pic/pca1.png Graphic file (type png)
<use pic/pca1.png>
Package pdftex.def Info: pic/pca1.png  used on input line 479.
(pdftex.def)             Requested size: 213.39568pt x 189.11494pt.

Underfull \hbox (badness 10000) in paragraph at lines 484--488

 []

) [42 <./pic/pca.png> <./pic/pca1.png>]
\openout2 = `./doc/111Schluss.aux'.

 (./doc/111Schluss.tex
chapter 6.

Underfull \hbox (badness 1838) in paragraph at lines 6--20
\OT1/ptm/m/n/12 Die Ge-nau-ig-keit al-ler Mo-del-le bei der Pr[]asenzerkennung w[]ahrend der ge-sam-ten
 []


Underfull \hbox (badness 1067) in paragraph at lines 6--20
\OT1/ptm/m/n/12 Weiterhin konn-te ge-zeigt wer-den, dass al-le Mo-del-le zus[]atzlich in der La-ge sind,
 []


Underfull \hbox (badness 10000) in paragraph at lines 6--20

 []


Underfull \hbox (badness 10000) in paragraph at lines 6--20
\OT1/ptm/m/n/12 Zudem wur-de ge-zeigt, dass der Ein-satz von CO2-Sensoren bei
 []


Underfull \hbox (badness 5878) in paragraph at lines 6--20
\OT1/ptm/m/n/12 Geb[]audeautomatisierungssystemen zweckm[]a^^Yig ist. Ein wei-te-rer Vor-teil be-steht
 []


Underfull \hbox (badness 10000) in paragraph at lines 23--31

 []


Underfull \hbox (badness 10000) in paragraph at lines 23--31

 []

[43





]
Underfull \hbox (badness 10000) in paragraph at lines 34--37

 []


Underfull \hbox (badness 10000) in paragraph at lines 34--37

 []

) [44] (./000arbeit.bbl
Underfull \hbox (badness 10000) in paragraph at lines 53--58
[]\OT1/ptm/m/n/12 Umweltbundesamt (2022).  Ener-
 []


Underfull \hbox (badness 10000) in paragraph at lines 53--58
\OT1/ptm/m/n/12 gie-ver-brauch nach ener-gie-tr[]agern und sek-to-ren.  On-li-ne.
 []


Underfull \hbox (badness 10000) in paragraph at lines 53--58
\OT1/ptm/m/n/12 https://www.umweltbundesamt.de/daten/energie/energieverbrauch-nach-
 []

) [45




]
\openout2 = `./doc/202abkuerzungsverzeichnis.aux'.

 (./doc/202abkuerzungsverzeichnis.tex) [46




] (./000arbeit.lof)
\tf@lof=\write4
\openout4 = `000arbeit.lof'.

 [47




] (./000arbeit.lot)
\tf@lot=\write5
\openout5 = `000arbeit.lot'.

 (d:/devTools/texlive/2021/texmf-dist/tex/latex/listings/lstlang1.sty
File: lstlang1.sty 2020/03/24 1.8d listings language file
) [48


]
chapter A.
[49

] (./000arbeit.aux (./doc/001titelblatt.aux) (./doc/002erklaerung.aux) (./doc/101kap1.aux) (./doc/102kap2.aux) (./doc/103kap3.aux) (./doc/111Schluss.aux) (./doc/202abkuerzungsverzeichnis.aux))

LaTeX Warning: There were multiply-defined labels.

 ) 
Here is how much of TeX's memory you used:
 16392 strings out of 478278
 328861 string characters out of 5846055
 943969 words of memory out of 5000000
 34233 multiletter control sequences out of 15000+600000
 495614 words of font info for 81 fonts, out of 8000000 for 9000
 1141 hyphenation exceptions out of 8191
 108i,20n,106p,10700b,731s stack positions out of 5000i,500n,10000p,200000b,80000s
{d:/devTools/texlive/2021/texmf-dist/fonts/enc/dvips/base/8r.enc}<d:/devTools/texlive/2021/texmf-dist/fonts/type1/public/amsfonts/cm/cmex10.pfb><d:/devTools/texlive/2021/texmf-dist/fonts/type1/public/amsfonts/cm/cmmi12.pfb><d:/devTools/texlive/2021/texmf-dist/fonts/type1/public/amsfonts/cm/cmmi8.pfb><d:/devTools/texlive/2021/texmf-dist/fonts/type1/public/amsfonts/cm/cmr12.pfb><d:/devTools/texlive/2021/texmf-dist/fonts/type1/public/amsfonts/cm/cmr8.pfb><d:/devTools/texlive/2021/texmf-dist/fonts/type1/public/amsfonts/cm/cmsy10.pfb><d:/devTools/texlive/2021/texmf-dist/fonts/type1/public/amsfonts/cm/cmsy8.pfb><d:/devTools/texlive/2021/texmf-dist/fonts/type1/urw/helvetic/uhvb8a.pfb><d:/devTools/texlive/2021/texmf-dist/fonts/type1/urw/helvetic/uhvr8a.pfb><d:/devTools/texlive/2021/texmf-dist/fonts/type1/urw/times/utmr8a.pfb><d:/devTools/texlive/2021/texmf-dist/fonts/type1/urw/times/utmri8a.pfb>
Output written on 000arbeit.pdf (49 pages, 1246439 bytes).
PDF statistics:
 269 PDF objects out of 1000 (max. 8388607)
 146 compressed objects within 2 object streams
 0 named destinations out of 1000 (max. 500000)
 166 words of extra memory for PDF output out of 10000 (max. 10000000)

